Arguments: 
  /home/opto0/.nvm/versions/node/v16.15.0/bin/node /usr/local/bin/yarn add @ethers

PATH: 
  /home/opto0/.local/share/solana/install/active_release/bin:/home/opto0/.vscode-server/bin/784b0177c56c607789f9638da7b6bf3230d47a8c/bin/remote-cli:/home/opto0/.local/share/solana/install/active_release/bin:/home/opto0/.local/bin:/home/opto0/.nvm/versions/node/v16.15.0/bin:/home/opto0/.local/share/solana/install/active_release/bin:/home/opto0/.local/share/solana/install/active_release/bin:/home/opto0/.cargo/bin:/home/opto0/.local/bin:/usr/local/sbin:/usr/local/bin:/usr/sbin:/usr/bin:/sbin:/bin:/usr/games:/usr/local/games:/snap/bin

Yarn version: 
  1.22.17

Node version: 
  16.15.0

Platform: 
  linux x64

Trace: 
  Error: https://registry.yarnpkg.com/@ethers: Request "https://registry.yarnpkg.com/@ethers" returned a 405
      at Request.params.callback [as _callback] (/usr/local/lib/node_modules/yarn/lib/cli.js:67038:18)
      at Request.self.callback (/usr/local/lib/node_modules/yarn/lib/cli.js:140883:22)
      at Request.emit (node:events:527:28)
      at Request.<anonymous> (/usr/local/lib/node_modules/yarn/lib/cli.js:141855:10)
      at Request.emit (node:events:527:28)
      at IncomingMessage.<anonymous> (/usr/local/lib/node_modules/yarn/lib/cli.js:141777:12)
      at Object.onceWrapper (node:events:641:28)
      at IncomingMessage.emit (node:events:539:35)
      at endReadableNT (node:internal/streams/readable:1345:12)
      at processTicksAndRejections (node:internal/process/task_queues:83:21)

npm manifest: 
  No manifest

yarn manifest: 
  No manifest

Lockfile: 
  No lockfile
